------------------------------------------------------------------------------------------------------------------------

[2022-01-09 20:32:08 #1 store] 
Database 'C:\Users\Unai Heras\git\Bets\bets.temp' is opened by 6148@UnaiHeras

[2022-01-09 20:32:08 #2 store] 
Configuration path: ?

[2022-01-09 20:32:08 #3 type] 
Type domain.User is not enhanced.

[2022-01-09 20:32:08 #4 type] 
Type domain.Wallet is not enhanced.

[2022-01-09 20:32:08 #5 type] 
Type domain.Bet is not enhanced.

[2022-01-09 20:32:08 #6 type] 
Type domain.Question is not enhanced.

[2022-01-09 20:32:08 #7 type] 
Type domain.Event is not enhanced.

------------------------------------------------------------------------------------------------------------------------

[2022-01-09 20:32:38 #1 store] 
Database 'C:\Users\Unai Heras\git\Bets\bets.temp' is opened by 6692@UnaiHeras

[2022-01-09 20:32:38 #2 store] 
Configuration path: ?

[2022-01-09 20:32:38 #3 type] 
Type domain.User is not enhanced.

[2022-01-09 20:32:38 #4 type] 
Type domain.Wallet is not enhanced.

[2022-01-09 20:32:38 #5 type] 
Type domain.Bet is not enhanced.

[2022-01-09 20:32:38 #6 type] 
Type domain.Question is not enhanced.

[2022-01-09 20:32:38 #7 type] 
Type domain.Event is not enhanced.

------------------------------------------------------------------------------------------------------------------------

[2022-01-09 20:34:38 #1 store] 
Database 'C:\Users\Unai Heras\git\Bets\bets.temp' is opened by 200@UnaiHeras

[2022-01-09 20:34:38 #2 store] 
Configuration path: ?

[2022-01-09 20:34:39 #3 type] 
Type domain.User is not enhanced.

[2022-01-09 20:34:39 #4 type] 
Type domain.Wallet is not enhanced.

[2022-01-09 20:34:39 #5 type] 
Type domain.Bet is not enhanced.

[2022-01-09 20:34:39 #6 type] 
Type domain.Question is not enhanced.

[2022-01-09 20:34:39 #7 type] 
Type domain.Event is not enhanced.

------------------------------------------------------------------------------------------------------------------------

[2022-01-09 20:35:37 #1 store] 
Database 'C:\Users\Unai Heras\git\Bets\bets.temp' is opened by 248@UnaiHeras

[2022-01-09 20:35:37 #2 store] 
Configuration path: ?

[2022-01-09 20:36:40 #3 type] 
Type domain.User is not enhanced.

[2022-01-09 20:36:40 #4 type] 
Type domain.Wallet is not enhanced.

[2022-01-09 20:36:40 #5 type] 
Type domain.Bet is not enhanced.

[2022-01-09 20:36:41 #6 type] 
Type domain.Question is not enhanced.

[2022-01-09 20:36:41 #7 type] 
Type domain.Event is not enhanced.

------------------------------------------------------------------------------------------------------------------------

[2022-01-09 20:42:14 #1 store] 
Database 'C:\Users\Unai Heras\git\Bets\bets.temp' is opened by 784@UnaiHeras

[2022-01-09 20:42:14 #2 store] 
Configuration path: ?

[2022-01-09 20:42:14 #3 type] 
Type domain.User is not enhanced.

[2022-01-09 20:42:14 #4 type] 
Type domain.Wallet is not enhanced.

[2022-01-09 20:42:14 #5 type] 
Type domain.Bet is not enhanced.

[2022-01-09 20:42:14 #6 type] 
Type domain.Question is not enhanced.

[2022-01-09 20:42:14 #7 type] 
Type domain.Event is not enhanced.

------------------------------------------------------------------------------------------------------------------------

[2022-01-09 20:43:01 #1 store] 
Database 'C:\Users\Unai Heras\git\Bets\bets.temp' is opened by 4852@UnaiHeras

[2022-01-09 20:43:01 #2 store] 
Configuration path: ?

[2022-01-09 20:43:01 #3 type] 
Type domain.User is not enhanced.

[2022-01-09 20:43:02 #4 type] 
Type domain.Wallet is not enhanced.

[2022-01-09 20:43:02 #5 type] 
Type domain.Bet is not enhanced.

[2022-01-09 20:43:02 #6 type] 
Type domain.Question is not enhanced.

[2022-01-09 20:43:02 #7 type] 
Type domain.Event is not enhanced.

------------------------------------------------------------------------------------------------------------------------

[2022-01-09 20:44:59 #1 store] 
Database 'C:\Users\Unai Heras\git\Bets\bets.temp' is opened by 604@UnaiHeras

[2022-01-09 20:44:59 #2 store] 
Configuration path: ?

[2022-01-09 20:44:59 #3 type] 
Type domain.User is not enhanced.

[2022-01-09 20:44:59 #4 type] 
Type domain.Wallet is not enhanced.

[2022-01-09 20:44:59 #5 type] 
Type domain.Bet is not enhanced.

[2022-01-09 20:44:59 #6 type] 
Type domain.Question is not enhanced.

[2022-01-09 20:44:59 #7 type] 
Type domain.Event is not enhanced.

------------------------------------------------------------------------------------------------------------------------

[2022-01-09 20:45:32 #1 store] 
Database 'C:\Users\Unai Heras\git\Bets\bets.temp' is opened by 696@UnaiHeras

[2022-01-09 20:45:32 #2 store] 
Configuration path: ?

[2022-01-09 20:45:32 #3 type] 
Type domain.User is not enhanced.

[2022-01-09 20:45:32 #4 type] 
Type domain.Wallet is not enhanced.

[2022-01-09 20:45:32 #5 type] 
Type domain.Bet is not enhanced.

[2022-01-09 20:45:32 #6 type] 
Type domain.Question is not enhanced.

[2022-01-09 20:45:32 #7 type] 
Type domain.Event is not enhanced.

------------------------------------------------------------------------------------------------------------------------

[2022-01-09 20:46:19 #1 store] 
Database 'C:\Users\Unai Heras\git\Bets\bets.temp' is opened by 5488@UnaiHeras

[2022-01-09 20:46:19 #2 store] 
Configuration path: ?

[2022-01-09 20:46:19 #3 type] 
Type domain.User is not enhanced.

[2022-01-09 20:46:19 #4 type] 
Type domain.Wallet is not enhanced.

[2022-01-09 20:46:19 #5 type] 
Type domain.Bet is not enhanced.

[2022-01-09 20:46:19 #6 type] 
Type domain.Question is not enhanced.

[2022-01-09 20:46:19 #7 type] 
Type domain.Event is not enhanced.

------------------------------------------------------------------------------------------------------------------------

[2022-01-09 20:46:38 #1 store] 
Database 'C:\Users\Unai Heras\git\Bets\bets.temp' is opened by 1696@UnaiHeras

[2022-01-09 20:46:38 #2 store] 
Configuration path: ?

[2022-01-09 20:46:38 #3 type] 
Type domain.User is not enhanced.

[2022-01-09 20:46:38 #4 type] 
Type domain.Wallet is not enhanced.

[2022-01-09 20:46:38 #5 type] 
Type domain.Bet is not enhanced.

[2022-01-09 20:46:38 #6 type] 
Type domain.Question is not enhanced.

[2022-01-09 20:46:38 #7 type] 
Type domain.Event is not enhanced.

------------------------------------------------------------------------------------------------------------------------

[2022-01-09 20:46:50 #1 store] 
Database 'C:\Users\Unai Heras\git\Bets\bets.temp' is opened by 8612@UnaiHeras

[2022-01-09 20:46:50 #2 store] 
Configuration path: ?

[2022-01-09 20:46:50 #3 type] 
Type domain.User is not enhanced.

[2022-01-09 20:46:51 #4 type] 
Type domain.Wallet is not enhanced.

[2022-01-09 20:46:51 #5 type] 
Type domain.Bet is not enhanced.

[2022-01-09 20:46:51 #6 type] 
Type domain.Question is not enhanced.

[2022-01-09 20:46:51 #7 type] 
Type domain.Event is not enhanced.

------------------------------------------------------------------------------------------------------------------------

[2022-01-09 20:47:59 #1 store] 
Database 'C:\Users\Unai Heras\git\Bets\bets.temp' is opened by 6916@UnaiHeras

[2022-01-09 20:47:59 #2 store] 
Configuration path: ?

[2022-01-09 20:47:59 #3 type] 
Type domain.User is not enhanced.

[2022-01-09 20:47:59 #4 type] 
Type domain.Wallet is not enhanced.

[2022-01-09 20:47:59 #5 type] 
Type domain.Bet is not enhanced.

[2022-01-09 20:47:59 #6 type] 
Type domain.Question is not enhanced.

[2022-01-09 20:47:59 #7 type] 
Type domain.Event is not enhanced.

------------------------------------------------------------------------------------------------------------------------

[2022-01-09 20:48:11 #1 store] 
Database 'C:\Users\Unai Heras\git\Bets\bets.temp' is opened by 3756@UnaiHeras

[2022-01-09 20:48:11 #2 store] 
Configuration path: ?

[2022-01-09 20:48:11 #3 type] 
Type domain.User is not enhanced.

[2022-01-09 20:48:11 #4 type] 
Type domain.Wallet is not enhanced.

[2022-01-09 20:48:11 #5 type] 
Type domain.Bet is not enhanced.

[2022-01-09 20:48:11 #6 type] 
Type domain.Question is not enhanced.

[2022-01-09 20:48:11 #7 type] 
Type domain.Event is not enhanced.

