------------------------------------------------------------------------------------------------------------------------

[2021-10-01 09:19:28 #1 store] 
Database 'C:\Users\Unai Heras\git\BetAndRuin\Bets\bets.temp' has been recovered (tr. 7-11)

[2021-10-01 09:19:28 #2 store] 
Database 'C:\Users\Unai Heras\git\BetAndRuin\Bets\bets.temp' is opened by 9336@UnaiHeras

[2021-10-01 09:19:28 #3 store] 
Configuration path: ?

[2021-10-01 09:19:28 #4 type] 
Type domain.Event is not enhanced.

[2021-10-01 09:19:28 #5 type] 
Type domain.Question is not enhanced.

[2021-10-01 09:19:28 #6 type] 
Type domain.User is not enhanced.

[2021-10-01 09:19:28 #7 type] 
Type domain.Wallet is not enhanced.

[2021-10-01 09:19:28 #8 type] 
Type domain.Bet is not enhanced.

------------------------------------------------------------------------------------------------------------------------

[2021-10-01 09:19:37 #1 store] 
Database 'C:\Users\Unai Heras\git\BetAndRuin\Bets\bets.temp' has been recovered (tr. 12-16)

[2021-10-01 09:19:37 #2 store] 
Database 'C:\Users\Unai Heras\git\BetAndRuin\Bets\bets.temp' is opened by 4512@UnaiHeras

[2021-10-01 09:19:37 #3 store] 
Configuration path: ?

[2021-10-01 09:19:37 #4 type] 
Type domain.Event is not enhanced.

[2021-10-01 09:19:37 #5 type] 
Type domain.Question is not enhanced.

[2021-10-01 09:19:37 #6 type] 
Type domain.User is not enhanced.

[2021-10-01 09:19:37 #7 type] 
Type domain.Wallet is not enhanced.

[2021-10-01 09:19:37 #8 type] 
Type domain.Bet is not enhanced.

------------------------------------------------------------------------------------------------------------------------

[2021-10-01 09:22:10 #1 store] 
Database 'C:\Users\Unai Heras\git\BetAndRuin\Bets\bets.temp' has been recovered (tr. 17-26)

[2021-10-01 09:22:10 #2 store] 
Database 'C:\Users\Unai Heras\git\BetAndRuin\Bets\bets.temp' is opened by 7672@UnaiHeras

[2021-10-01 09:22:10 #3 store] 
Configuration path: ?

[2021-10-01 09:22:10 #4 type] 
Type domain.Event is not enhanced.

[2021-10-01 09:22:10 #5 type] 
Type domain.Question is not enhanced.

[2021-10-01 09:22:10 #6 type] 
Type domain.User is not enhanced.

[2021-10-01 09:22:10 #7 type] 
Type domain.Wallet is not enhanced.

[2021-10-01 09:22:10 #8 type] 
Type domain.Bet is not enhanced.

------------------------------------------------------------------------------------------------------------------------

[2021-10-01 09:22:48 #1 store] 
Database 'C:\Users\Unai Heras\git\BetAndRuin\Bets\bets.temp' has been recovered (tr. 27-36)

[2021-10-01 09:22:48 #2 store] 
Database 'C:\Users\Unai Heras\git\BetAndRuin\Bets\bets.temp' is opened by 9948@UnaiHeras

[2021-10-01 09:22:48 #3 store] 
Configuration path: ?

[2021-10-01 09:22:48 #4 type] 
Type domain.Event is not enhanced.

[2021-10-01 09:22:48 #5 type] 
Type domain.Question is not enhanced.

[2021-10-01 09:22:48 #6 type] 
Type domain.User is not enhanced.

[2021-10-01 09:22:48 #7 type] 
Type domain.Wallet is not enhanced.

[2021-10-01 09:22:48 #8 type] 
Type domain.Bet is not enhanced.

------------------------------------------------------------------------------------------------------------------------

[2021-10-01 09:24:24 #1 store] 
Database 'C:\Users\Unai Heras\git\BetAndRuin\Bets\bets.temp' has been recovered (tr. 37-46)

[2021-10-01 09:24:24 #2 store] 
Database 'C:\Users\Unai Heras\git\BetAndRuin\Bets\bets.temp' is opened by 11284@UnaiHeras

[2021-10-01 09:24:24 #3 store] 
Configuration path: ?

[2021-10-01 09:24:24 #4 type] 
Type domain.Event is not enhanced.

[2021-10-01 09:24:24 #5 type] 
Type domain.Question is not enhanced.

[2021-10-01 09:24:24 #6 type] 
Type domain.User is not enhanced.

[2021-10-01 09:24:24 #7 type] 
Type domain.Wallet is not enhanced.

[2021-10-01 09:24:24 #8 type] 
Type domain.Bet is not enhanced.

------------------------------------------------------------------------------------------------------------------------

[2021-10-01 09:45:12 #1 store] 
Database 'C:\Users\Unai Heras\git\BetAndRuin\Bets\bets.temp' has been recovered (tr. 47-56)

[2021-10-01 09:45:12 #2 store] 
Database 'C:\Users\Unai Heras\git\BetAndRuin\Bets\bets.temp' is opened by 8596@UnaiHeras

[2021-10-01 09:45:12 #3 store] 
Configuration path: ?

[2021-10-01 09:45:12 #4 type] 
Type domain.Event is not enhanced.

[2021-10-01 09:45:12 #5 type] 
Type domain.Question is not enhanced.

[2021-10-01 09:45:12 #6 type] 
Type domain.User is not enhanced.

[2021-10-01 09:45:12 #7 type] 
Type domain.Wallet is not enhanced.

[2021-10-01 09:45:12 #8 type] 
Type domain.Bet is not enhanced.

