------------------------------------------------------------------------------------------------------------------------

[2021-10-19 09:03:56 #1 store] 
Database 'C:\Users\ehu\git\Bet-and-Ruin\bets.temp' is opened by 11696@U111086

[2021-10-19 09:03:56 #2 store] 
Configuration path: ?

[2021-10-19 09:03:56 #3 type] 
Type domain.User is not enhanced.

[2021-10-19 09:03:56 #4 type] 
Type domain.Wallet is not enhanced.

[2021-10-19 09:03:56 #5 type] 
Type domain.Bet is not enhanced.

[2021-10-19 09:03:56 #6 type] 
Type domain.Question is not enhanced.

[2021-10-19 09:03:56 #7 type] 
Type domain.Event is not enhanced.

------------------------------------------------------------------------------------------------------------------------

[2021-10-19 09:04:46 #1 store] 
Database 'C:\Users\ehu\git\Bet-and-Ruin\bets.temp' is opened by 8672@U111086

[2021-10-19 09:04:46 #2 store] 
Configuration path: ?

[2021-10-19 09:04:46 #3 type] 
Type domain.User is not enhanced.

[2021-10-19 09:04:46 #4 type] 
Type domain.Wallet is not enhanced.

[2021-10-19 09:04:46 #5 type] 
Type domain.Bet is not enhanced.

[2021-10-19 09:04:46 #6 type] 
Type domain.Question is not enhanced.

[2021-10-19 09:04:46 #7 type] 
Type domain.Event is not enhanced.

------------------------------------------------------------------------------------------------------------------------

[2021-10-19 09:05:53 #1 store] 
Database 'C:\Users\ehu\git\Bet-and-Ruin\bets.temp' is opened by 10672@U111086

[2021-10-19 09:05:53 #2 store] 
Configuration path: ?

[2021-10-19 09:05:53 #3 type] 
Type domain.User is not enhanced.

[2021-10-19 09:05:53 #4 type] 
Type domain.Wallet is not enhanced.

[2021-10-19 09:05:53 #5 type] 
Type domain.Bet is not enhanced.

[2021-10-19 09:05:53 #6 type] 
Type domain.Question is not enhanced.

[2021-10-19 09:05:53 #7 type] 
Type domain.Event is not enhanced.

------------------------------------------------------------------------------------------------------------------------

[2021-10-19 09:13:32 #1 store] 
Database 'C:\Users\ehu\git\Bet-and-Ruin\bets.temp' is opened by 12704@U111086

[2021-10-19 09:13:32 #2 store] 
Configuration path: ?

[2021-10-19 09:13:33 #3 type] 
Type domain.User is not enhanced.

[2021-10-19 09:13:33 #4 type] 
Type domain.Wallet is not enhanced.

[2021-10-19 09:13:33 #5 type] 
Type domain.Bet is not enhanced.

[2021-10-19 09:13:33 #6 type] 
Type domain.Question is not enhanced.

[2021-10-19 09:13:33 #7 type] 
Type domain.Event is not enhanced.

------------------------------------------------------------------------------------------------------------------------

[2021-10-19 09:20:19 #1 store] 
Database 'C:\Users\ehu\git\Bet-and-Ruin\bets.temp' is opened by 13024@U111086

[2021-10-19 09:20:19 #2 store] 
Configuration path: ?

[2021-10-19 09:20:19 #3 type] 
Type domain.User is not enhanced.

[2021-10-19 09:20:19 #4 type] 
Type domain.Wallet is not enhanced.

[2021-10-19 09:20:19 #5 type] 
Type domain.Bet is not enhanced.

[2021-10-19 09:20:19 #6 type] 
Type domain.Question is not enhanced.

[2021-10-19 09:20:19 #7 type] 
Type domain.Event is not enhanced.

------------------------------------------------------------------------------------------------------------------------

[2021-10-19 09:21:23 #1 store] 
Database 'C:\Users\ehu\git\Bet-and-Ruin\bets.temp' is opened by 5236@U111086

[2021-10-19 09:21:23 #2 store] 
Configuration path: ?

[2021-10-19 09:21:23 #3 type] 
Type domain.User is not enhanced.

[2021-10-19 09:21:23 #4 type] 
Type domain.Wallet is not enhanced.

[2021-10-19 09:21:23 #5 type] 
Type domain.Bet is not enhanced.

[2021-10-19 09:21:23 #6 type] 
Type domain.Question is not enhanced.

[2021-10-19 09:21:23 #7 type] 
Type domain.Event is not enhanced.

------------------------------------------------------------------------------------------------------------------------

[2021-10-19 09:28:16 #1 store] 
Database 'C:\Users\ehu\git\Bet-and-Ruin\bets.temp' is opened by 4520@U111086

[2021-10-19 09:28:16 #2 store] 
Configuration path: ?

[2021-10-19 09:28:17 #3 type] 
Type domain.User is not enhanced.

[2021-10-19 09:28:17 #4 type] 
Type domain.Wallet is not enhanced.

[2021-10-19 09:28:17 #5 type] 
Type domain.Bet is not enhanced.

[2021-10-19 09:28:17 #6 type] 
Type domain.Question is not enhanced.

[2021-10-19 09:28:17 #7 type] 
Type domain.Event is not enhanced.

------------------------------------------------------------------------------------------------------------------------

[2021-10-19 09:30:57 #1 store] 
Database 'C:\Users\ehu\git\Bet-and-Ruin\bets.temp' is opened by 4052@U111086

[2021-10-19 09:30:57 #2 store] 
Configuration path: ?

[2021-10-19 09:30:58 #3 type] 
Type domain.User is not enhanced.

[2021-10-19 09:30:58 #4 type] 
Type domain.Wallet is not enhanced.

[2021-10-19 09:30:58 #5 type] 
Type domain.Bet is not enhanced.

[2021-10-19 09:30:58 #6 type] 
Type domain.Question is not enhanced.

[2021-10-19 09:30:58 #7 type] 
Type domain.Event is not enhanced.

------------------------------------------------------------------------------------------------------------------------

[2021-10-19 09:35:26 #1 store] 
Database 'C:\Users\ehu\git\Bet-and-Ruin\bets.temp' is opened by 1764@U111086

[2021-10-19 09:35:26 #2 store] 
Configuration path: ?

[2021-10-19 09:35:46 #3 type] 
Type domain.User is not enhanced.

[2021-10-19 09:35:46 #4 type] 
Type domain.Wallet is not enhanced.

[2021-10-19 09:35:46 #5 type] 
Type domain.Bet is not enhanced.

[2021-10-19 09:35:47 #6 type] 
Type domain.Question is not enhanced.

[2021-10-19 09:35:47 #7 type] 
Type domain.Event is not enhanced.

------------------------------------------------------------------------------------------------------------------------

[2021-10-19 09:38:18 #1 store] 
Database 'C:\Users\ehu\git\Bet-and-Ruin\bets.temp' is opened by 11392@U111086

[2021-10-19 09:38:18 #2 store] 
Configuration path: ?

[2021-10-19 09:38:18 #3 type] 
Type domain.User is not enhanced.

[2021-10-19 09:38:18 #4 type] 
Type domain.Wallet is not enhanced.

[2021-10-19 09:38:18 #5 type] 
Type domain.Bet is not enhanced.

[2021-10-19 09:38:18 #6 type] 
Type domain.Question is not enhanced.

[2021-10-19 09:38:18 #7 type] 
Type domain.Event is not enhanced.

